La génération a démarré 2015-04-28 13:48:12.
     1>Projet "C:\programmation\Tp3_Epic_Platformer\Tp3_Epic_Platformer\Tp3_Epic_Platformer\Tp3_Epic_Platformer.vcxproj" sur le nœud 2 (Build cible(s)).
     1>ClCompile:
         C:\Program Files (x86)\Microsoft Visual Studio 12.0\VC\bin\CL.exe /c /I"C:\programmation\Tp3_Epic_Platformer\Tp3_Epic_Platformer\\SFML-2.2\include" /ZI /nologo /W3 /WX- /sdl /Od /Oy- /D SFML_STATIC /D WIN32 /D _DEBUG /D _CONSOLE /D _LIB /D _UNICODE /D UNICODE /Gm /EHsc /RTC1 /MDd /GS /fp:precise /Zc:wchar_t /Zc:forScope /Fo"Debug\\" /Fd"Debug\vc120.pdb" /Gd /TP /analyze- /errorReport:prompt Main.cpp
         Main.cpp
       Link:
         C:\Program Files (x86)\Microsoft Visual Studio 12.0\VC\bin\link.exe /ERRORREPORT:PROMPT /OUT:"C:\programmation\Tp3_Epic_Platformer\Tp3_Epic_Platformer\Debug\Tp3_Epic_Platformer.exe" /INCREMENTAL /NOLOGO /LIBPATH:"C:\programmation\Tp3_Epic_Platformer\Tp3_Epic_Platformer\\SFML-2.2\lib" "sfml-graphics-s-d.lib" "sfml-window-s-d.lib" "sfml-system-s-d.lib" "sfml-audio-s-d.lib" opengl32.lib winmm.lib gdi32.lib glew.lib freetype.lib jpeg.lib sndfile.lib openal32.lib kernel32.lib user32.lib gdi32.lib winspool.lib comdlg32.lib advapi32.lib shell32.lib ole32.lib oleaut32.lib uuid.lib odbc32.lib odbccp32.lib /MANIFEST /MANIFESTUAC:"level='asInvoker' uiAccess='false'" /manifest:embed /DEBUG /PDB:"C:\programmation\Tp3_Epic_Platformer\Tp3_Epic_Platformer\Debug\Tp3_Epic_Platformer.pdb" /SUBSYSTEM:CONSOLE /TLBID:1 /DYNAMICBASE /NXCOMPAT /IMPLIB:"C:\programmation\Tp3_Epic_Platformer\Tp3_Epic_Platformer\Debug\Tp3_Epic_Platformer.lib" /MACHINE:X86 Debug\Main.obj
         LINK : C:\programmation\Tp3_Epic_Platformer\Tp3_Epic_Platformer\Debug\Tp3_Epic_Platformer.exe introuvable ou non généré par la dernière édition de liens incrémentielle ; édition de liens complète en cours
     1>sfml-graphics-s-d.lib(BlendMode.cpp.obj) : warning LNK4099: PDB 'vc120.pdb' n'a pu être trouvé avec 'sfml-graphics-s-d.lib(BlendMode.cpp.obj)' ou sur 'C:\programmation\Tp3_Epic_Platformer\Tp3_Epic_Platformer\Debug\vc120.pdb' ; l'objet sera lié sans informations de débogage
     1>sfml-graphics-s-d.lib(Color.cpp.obj) : warning LNK4099: PDB 'vc120.pdb' n'a pu être trouvé avec 'sfml-graphics-s-d.lib(Color.cpp.obj)' ou sur 'C:\programmation\Tp3_Epic_Platformer\Tp3_Epic_Platformer\Debug\vc120.pdb' ; l'objet sera lié sans informations de débogage
     1>sfml-graphics-s-d.lib(GLCheck.cpp.obj) : warning LNK4099: PDB 'vc120.pdb' n'a pu être trouvé avec 'sfml-graphics-s-d.lib(GLCheck.cpp.obj)' ou sur 'C:\programmation\Tp3_Epic_Platformer\Tp3_Epic_Platformer\Debug\vc120.pdb' ; l'objet sera lié sans informations de débogage
     1>sfml-graphics-s-d.lib(GLExtensions.cpp.obj) : warning LNK4099: PDB 'vc120.pdb' n'a pu être trouvé avec 'sfml-graphics-s-d.lib(GLExtensions.cpp.obj)' ou sur 'C:\programmation\Tp3_Epic_Platformer\Tp3_Epic_Platformer\Debug\vc120.pdb' ; l'objet sera lié sans informations de débogage
     1>sfml-graphics-s-d.lib(Image.cpp.obj) : warning LNK4099: PDB 'vc120.pdb' n'a pu être trouvé avec 'sfml-graphics-s-d.lib(Image.cpp.obj)' ou sur 'C:\programmation\Tp3_Epic_Platformer\Tp3_Epic_Platformer\Debug\vc120.pdb' ; l'objet sera lié sans informations de débogage
     1>sfml-graphics-s-d.lib(ImageLoader.cpp.obj) : warning LNK4099: PDB 'vc120.pdb' n'a pu être trouvé avec 'sfml-graphics-s-d.lib(ImageLoader.cpp.obj)' ou sur 'C:\programmation\Tp3_Epic_Platformer\Tp3_Epic_Platformer\Debug\vc120.pdb' ; l'objet sera lié sans informations de débogage
     1>sfml-graphics-s-d.lib(RenderStates.cpp.obj) : warning LNK4099: PDB 'vc120.pdb' n'a pu être trouvé avec 'sfml-graphics-s-d.lib(RenderStates.cpp.obj)' ou sur 'C:\programmation\Tp3_Epic_Platformer\Tp3_Epic_Platformer\Debug\vc120.pdb' ; l'objet sera lié sans informations de débogage
     1>sfml-graphics-s-d.lib(RenderTarget.cpp.obj) : warning LNK4099: PDB 'vc120.pdb' n'a pu être trouvé avec 'sfml-graphics-s-d.lib(RenderTarget.cpp.obj)' ou sur 'C:\programmation\Tp3_Epic_Platformer\Tp3_Epic_Platformer\Debug\vc120.pdb' ; l'objet sera lié sans informations de débogage
     1>sfml-graphics-s-d.lib(RenderWindow.cpp.obj) : warning LNK4099: PDB 'vc120.pdb' n'a pu être trouvé avec 'sfml-graphics-s-d.lib(RenderWindow.cpp.obj)' ou sur 'C:\programmation\Tp3_Epic_Platformer\Tp3_Epic_Platformer\Debug\vc120.pdb' ; l'objet sera lié sans informations de débogage
     1>sfml-graphics-s-d.lib(Shader.cpp.obj) : warning LNK4099: PDB 'vc120.pdb' n'a pu être trouvé avec 'sfml-graphics-s-d.lib(Shader.cpp.obj)' ou sur 'C:\programmation\Tp3_Epic_Platformer\Tp3_Epic_Platformer\Debug\vc120.pdb' ; l'objet sera lié sans informations de débogage
     1>sfml-graphics-s-d.lib(Texture.cpp.obj) : warning LNK4099: PDB 'vc120.pdb' n'a pu être trouvé avec 'sfml-graphics-s-d.lib(Texture.cpp.obj)' ou sur 'C:\programmation\Tp3_Epic_Platformer\Tp3_Epic_Platformer\Debug\vc120.pdb' ; l'objet sera lié sans informations de débogage
     1>sfml-graphics-s-d.lib(TextureSaver.cpp.obj) : warning LNK4099: PDB 'vc120.pdb' n'a pu être trouvé avec 'sfml-graphics-s-d.lib(TextureSaver.cpp.obj)' ou sur 'C:\programmation\Tp3_Epic_Platformer\Tp3_Epic_Platformer\Debug\vc120.pdb' ; l'objet sera lié sans informations de débogage
     1>sfml-graphics-s-d.lib(Transform.cpp.obj) : warning LNK4099: PDB 'vc120.pdb' n'a pu être trouvé avec 'sfml-graphics-s-d.lib(Transform.cpp.obj)' ou sur 'C:\programmation\Tp3_Epic_Platformer\Tp3_Epic_Platformer\Debug\vc120.pdb' ; l'objet sera lié sans informations de débogage
     1>sfml-graphics-s-d.lib(Transformable.cpp.obj) : warning LNK4099: PDB 'vc120.pdb' n'a pu être trouvé avec 'sfml-graphics-s-d.lib(Transformable.cpp.obj)' ou sur 'C:\programmation\Tp3_Epic_Platformer\Tp3_Epic_Platformer\Debug\vc120.pdb' ; l'objet sera lié sans informations de débogage
     1>sfml-graphics-s-d.lib(View.cpp.obj) : warning LNK4099: PDB 'vc120.pdb' n'a pu être trouvé avec 'sfml-graphics-s-d.lib(View.cpp.obj)' ou sur 'C:\programmation\Tp3_Epic_Platformer\Tp3_Epic_Platformer\Debug\vc120.pdb' ; l'objet sera lié sans informations de débogage
     1>sfml-graphics-s-d.lib(Vertex.cpp.obj) : warning LNK4099: PDB 'vc120.pdb' n'a pu être trouvé avec 'sfml-graphics-s-d.lib(Vertex.cpp.obj)' ou sur 'C:\programmation\Tp3_Epic_Platformer\Tp3_Epic_Platformer\Debug\vc120.pdb' ; l'objet sera lié sans informations de débogage
     1>sfml-graphics-s-d.lib(Shape.cpp.obj) : warning LNK4099: PDB 'vc120.pdb' n'a pu être trouvé avec 'sfml-graphics-s-d.lib(Shape.cpp.obj)' ou sur 'C:\programmation\Tp3_Epic_Platformer\Tp3_Epic_Platformer\Debug\vc120.pdb' ; l'objet sera lié sans informations de débogage
     1>sfml-graphics-s-d.lib(CircleShape.cpp.obj) : warning LNK4099: PDB 'vc120.pdb' n'a pu être trouvé avec 'sfml-graphics-s-d.lib(CircleShape.cpp.obj)' ou sur 'C:\programmation\Tp3_Epic_Platformer\Tp3_Epic_Platformer\Debug\vc120.pdb' ; l'objet sera lié sans informations de débogage
     1>sfml-graphics-s-d.lib(VertexArray.cpp.obj) : warning LNK4099: PDB 'vc120.pdb' n'a pu être trouvé avec 'sfml-graphics-s-d.lib(VertexArray.cpp.obj)' ou sur 'C:\programmation\Tp3_Epic_Platformer\Tp3_Epic_Platformer\Debug\vc120.pdb' ; l'objet sera lié sans informations de débogage
     1>sfml-window-s-d.lib(Context.cpp.obj) : warning LNK4099: PDB 'vc120.pdb' n'a pu être trouvé avec 'sfml-window-s-d.lib(Context.cpp.obj)' ou sur 'C:\programmation\Tp3_Epic_Platformer\Tp3_Epic_Platformer\Debug\vc120.pdb' ; l'objet sera lié sans informations de débogage
     1>sfml-window-s-d.lib(GlContext.cpp.obj) : warning LNK4099: PDB 'vc120.pdb' n'a pu être trouvé avec 'sfml-window-s-d.lib(GlContext.cpp.obj)' ou sur 'C:\programmation\Tp3_Epic_Platformer\Tp3_Epic_Platformer\Debug\vc120.pdb' ; l'objet sera lié sans informations de débogage
     1>sfml-window-s-d.lib(GlResource.cpp.obj) : warning LNK4099: PDB 'vc120.pdb' n'a pu être trouvé avec 'sfml-window-s-d.lib(GlResource.cpp.obj)' ou sur 'C:\programmation\Tp3_Epic_Platformer\Tp3_Epic_Platformer\Debug\vc120.pdb' ; l'objet sera lié sans informations de débogage
     1>sfml-window-s-d.lib(Joystick.cpp.obj) : warning LNK4099: PDB 'vc120.pdb' n'a pu être trouvé avec 'sfml-window-s-d.lib(Joystick.cpp.obj)' ou sur 'C:\programmation\Tp3_Epic_Platformer\Tp3_Epic_Platformer\Debug\vc120.pdb' ; l'objet sera lié sans informations de débogage
     1>sfml-window-s-d.lib(JoystickManager.cpp.obj) : warning LNK4099: PDB 'vc120.pdb' n'a pu être trouvé avec 'sfml-window-s-d.lib(JoystickManager.cpp.obj)' ou sur 'C:\programmation\Tp3_Epic_Platformer\Tp3_Epic_Platformer\Debug\vc120.pdb' ; l'objet sera lié sans informations de débogage
     1>sfml-window-s-d.lib(SensorManager.cpp.obj) : warning LNK4099: PDB 'vc120.pdb' n'a pu être trouvé avec 'sfml-window-s-d.lib(SensorManager.cpp.obj)' ou sur 'C:\programmation\Tp3_Epic_Platformer\Tp3_Epic_Platformer\Debug\vc120.pdb' ; l'objet sera lié sans informations de débogage
     1>sfml-window-s-d.lib(VideoMode.cpp.obj) : warning LNK4099: PDB 'vc120.pdb' n'a pu être trouvé avec 'sfml-window-s-d.lib(VideoMode.cpp.obj)' ou sur 'C:\programmation\Tp3_Epic_Platformer\Tp3_Epic_Platformer\Debug\vc120.pdb' ; l'objet sera lié sans informations de débogage
     1>sfml-window-s-d.lib(Window.cpp.obj) : warning LNK4099: PDB 'vc120.pdb' n'a pu être trouvé avec 'sfml-window-s-d.lib(Window.cpp.obj)' ou sur 'C:\programmation\Tp3_Epic_Platformer\Tp3_Epic_Platformer\Debug\vc120.pdb' ; l'objet sera lié sans informations de débogage
     1>sfml-window-s-d.lib(WindowImpl.cpp.obj) : warning LNK4099: PDB 'vc120.pdb' n'a pu être trouvé avec 'sfml-window-s-d.lib(WindowImpl.cpp.obj)' ou sur 'C:\programmation\Tp3_Epic_Platformer\Tp3_Epic_Platformer\Debug\vc120.pdb' ; l'objet sera lié sans informations de débogage
     1>sfml-window-s-d.lib(WglContext.cpp.obj) : warning LNK4099: PDB 'vc120.pdb' n'a pu être trouvé avec 'sfml-window-s-d.lib(WglContext.cpp.obj)' ou sur 'C:\programmation\Tp3_Epic_Platformer\Tp3_Epic_Platformer\Debug\vc120.pdb' ; l'objet sera lié sans informations de débogage
     1>sfml-window-s-d.lib(JoystickImpl.cpp.obj) : warning LNK4099: PDB 'vc120.pdb' n'a pu être trouvé avec 'sfml-window-s-d.lib(JoystickImpl.cpp.obj)' ou sur 'C:\programmation\Tp3_Epic_Platformer\Tp3_Epic_Platformer\Debug\vc120.pdb' ; l'objet sera lié sans informations de débogage
     1>sfml-window-s-d.lib(SensorImpl.cpp.obj) : warning LNK4099: PDB 'vc120.pdb' n'a pu être trouvé avec 'sfml-window-s-d.lib(SensorImpl.cpp.obj)' ou sur 'C:\programmation\Tp3_Epic_Platformer\Tp3_Epic_Platformer\Debug\vc120.pdb' ; l'objet sera lié sans informations de débogage
     1>sfml-window-s-d.lib(VideoModeImpl.cpp.obj) : warning LNK4099: PDB 'vc120.pdb' n'a pu être trouvé avec 'sfml-window-s-d.lib(VideoModeImpl.cpp.obj)' ou sur 'C:\programmation\Tp3_Epic_Platformer\Tp3_Epic_Platformer\Debug\vc120.pdb' ; l'objet sera lié sans informations de débogage
     1>sfml-window-s-d.lib(WindowImplWin32.cpp.obj) : warning LNK4099: PDB 'vc120.pdb' n'a pu être trouvé avec 'sfml-window-s-d.lib(WindowImplWin32.cpp.obj)' ou sur 'C:\programmation\Tp3_Epic_Platformer\Tp3_Epic_Platformer\Debug\vc120.pdb' ; l'objet sera lié sans informations de débogage
     1>sfml-system-s-d.lib(Clock.cpp.obj) : warning LNK4099: PDB 'vc120.pdb' n'a pu être trouvé avec 'sfml-system-s-d.lib(Clock.cpp.obj)' ou sur 'C:\programmation\Tp3_Epic_Platformer\Tp3_Epic_Platformer\Debug\vc120.pdb' ; l'objet sera lié sans informations de débogage
     1>sfml-system-s-d.lib(Err.cpp.obj) : warning LNK4099: PDB 'vc120.pdb' n'a pu être trouvé avec 'sfml-system-s-d.lib(Err.cpp.obj)' ou sur 'C:\programmation\Tp3_Epic_Platformer\Tp3_Epic_Platformer\Debug\vc120.pdb' ; l'objet sera lié sans informations de débogage
     1>sfml-system-s-d.lib(Lock.cpp.obj) : warning LNK4099: PDB 'vc120.pdb' n'a pu être trouvé avec 'sfml-system-s-d.lib(Lock.cpp.obj)' ou sur 'C:\programmation\Tp3_Epic_Platformer\Tp3_Epic_Platformer\Debug\vc120.pdb' ; l'objet sera lié sans informations de débogage
     1>sfml-system-s-d.lib(Mutex.cpp.obj) : warning LNK4099: PDB 'vc120.pdb' n'a pu être trouvé avec 'sfml-system-s-d.lib(Mutex.cpp.obj)' ou sur 'C:\programmation\Tp3_Epic_Platformer\Tp3_Epic_Platformer\Debug\vc120.pdb' ; l'objet sera lié sans informations de débogage
     1>sfml-system-s-d.lib(Sleep.cpp.obj) : warning LNK4099: PDB 'vc120.pdb' n'a pu être trouvé avec 'sfml-system-s-d.lib(Sleep.cpp.obj)' ou sur 'C:\programmation\Tp3_Epic_Platformer\Tp3_Epic_Platformer\Debug\vc120.pdb' ; l'objet sera lié sans informations de débogage
     1>sfml-system-s-d.lib(String.cpp.obj) : warning LNK4099: PDB 'vc120.pdb' n'a pu être trouvé avec 'sfml-system-s-d.lib(String.cpp.obj)' ou sur 'C:\programmation\Tp3_Epic_Platformer\Tp3_Epic_Platformer\Debug\vc120.pdb' ; l'objet sera lié sans informations de débogage
     1>sfml-system-s-d.lib(ThreadLocal.cpp.obj) : warning LNK4099: PDB 'vc120.pdb' n'a pu être trouvé avec 'sfml-system-s-d.lib(ThreadLocal.cpp.obj)' ou sur 'C:\programmation\Tp3_Epic_Platformer\Tp3_Epic_Platformer\Debug\vc120.pdb' ; l'objet sera lié sans informations de débogage
     1>sfml-system-s-d.lib(Time.cpp.obj) : warning LNK4099: PDB 'vc120.pdb' n'a pu être trouvé avec 'sfml-system-s-d.lib(Time.cpp.obj)' ou sur 'C:\programmation\Tp3_Epic_Platformer\Tp3_Epic_Platformer\Debug\vc120.pdb' ; l'objet sera lié sans informations de débogage
     1>sfml-system-s-d.lib(ClockImpl.cpp.obj) : warning LNK4099: PDB 'vc120.pdb' n'a pu être trouvé avec 'sfml-system-s-d.lib(ClockImpl.cpp.obj)' ou sur 'C:\programmation\Tp3_Epic_Platformer\Tp3_Epic_Platformer\Debug\vc120.pdb' ; l'objet sera lié sans informations de débogage
     1>sfml-system-s-d.lib(MutexImpl.cpp.obj) : warning LNK4099: PDB 'vc120.pdb' n'a pu être trouvé avec 'sfml-system-s-d.lib(MutexImpl.cpp.obj)' ou sur 'C:\programmation\Tp3_Epic_Platformer\Tp3_Epic_Platformer\Debug\vc120.pdb' ; l'objet sera lié sans informations de débogage
     1>sfml-system-s-d.lib(SleepImpl.cpp.obj) : warning LNK4099: PDB 'vc120.pdb' n'a pu être trouvé avec 'sfml-system-s-d.lib(SleepImpl.cpp.obj)' ou sur 'C:\programmation\Tp3_Epic_Platformer\Tp3_Epic_Platformer\Debug\vc120.pdb' ; l'objet sera lié sans informations de débogage
     1>sfml-system-s-d.lib(ThreadLocalImpl.cpp.obj) : warning LNK4099: PDB 'vc120.pdb' n'a pu être trouvé avec 'sfml-system-s-d.lib(ThreadLocalImpl.cpp.obj)' ou sur 'C:\programmation\Tp3_Epic_Platformer\Tp3_Epic_Platformer\Debug\vc120.pdb' ; l'objet sera lié sans informations de débogage
         Tp3_Epic_Platformer.vcxproj -> C:\programmation\Tp3_Epic_Platformer\Tp3_Epic_Platformer\Debug\Tp3_Epic_Platformer.exe
     1>Génération du projet "C:\programmation\Tp3_Epic_Platformer\Tp3_Epic_Platformer\Tp3_Epic_Platformer\Tp3_Epic_Platformer.vcxproj" terminée (Build cible(s)).

La génération a réussi.

Temps écoulé 00:00:01.53
